[0m14:22:39.460519 [debug] [MainThread]: Sending event: {'category': 'dbt', 'action': 'invocation', 'label': 'start', 'context': [<snowplow_tracker.self_describing_json.SelfDescribingJson object at 0x0000014D2C2FB380>, <snowplow_tracker.self_describing_json.SelfDescribingJson object at 0x0000014D2A034A50>, <snowplow_tracker.self_describing_json.SelfDescribingJson object at 0x0000014D2D1F5BD0>]}
[0m14:22:39.466268 [debug] [MainThread]: An error was encountered while trying to send an event


============================== 14:22:39.466647 | e6c3c50c-824d-44db-963b-9a8992b7c3c9 ==============================
[0m14:22:39.466647 [info ] [MainThread]: Running with dbt=1.10.9
[0m14:22:39.467254 [debug] [MainThread]: running dbt with arguments {'printer_width': '80', 'indirect_selection': 'eager', 'log_cache_events': 'False', 'write_json': 'True', 'partial_parse': 'True', 'cache_selected_only': 'False', 'profiles_dir': 'C:\\Users\\yeahm\\.dbt', 'debug': 'False', 'warn_error': 'None', 'log_path': 'logs', 'version_check': 'True', 'fail_fast': 'False', 'use_colors': 'True', 'use_experimental_parser': 'False', 'no_print': 'None', 'quiet': 'False', 'empty': 'None', 'log_format': 'default', 'introspect': 'True', 'static_parser': 'True', 'warn_error_options': 'WarnErrorOptionsV2(error=[], warn=[], silence=[])', 'target_path': 'None', 'invocation_command': 'dbt init etl_models', 'send_anonymous_usage_stats': 'True'}
[0m14:22:39.506892 [debug] [MainThread]: Starter project path: C:\Users\yeahm\AppData\Local\Programs\Python\Python313\Lib\site-packages\dbt\include\starter_project
[0m14:22:39.537351 [info ] [MainThread]: 
Your new dbt project "etl_models" was created!

For more information on how to configure the profiles.yml file,
please consult the dbt documentation here:

  https://docs.getdbt.com/docs/configure-your-profile

One more thing:

Need help? Don't hesitate to reach out to us via GitHub issues or on Slack:

  https://community.getdbt.com/

Happy modeling!

[0m14:22:39.537986 [info ] [MainThread]: Setting up your profile.
[0m14:30:35.561306 [info ] [MainThread]: Profile etl_models written to C:\Users\yeahm\.dbt\profiles.yml using target's profile_template.yml and your supplied values. Run 'dbt debug' to validate the connection.
[0m14:30:35.602790 [debug] [MainThread]: Command `dbt init` succeeded at 14:30:35.599962 after 476.32 seconds
[0m14:30:35.612314 [debug] [MainThread]: Sending event: {'category': 'dbt', 'action': 'invocation', 'label': 'end', 'context': [<snowplow_tracker.self_describing_json.SelfDescribingJson object at 0x0000014D5B31C510>, <snowplow_tracker.self_describing_json.SelfDescribingJson object at 0x0000014D5B31C770>, <snowplow_tracker.self_describing_json.SelfDescribingJson object at 0x0000014D2D244950>]}
[0m14:30:35.614502 [debug] [MainThread]: An error was encountered while trying to send an event
[0m14:30:35.615923 [debug] [MainThread]: Flushing usage events
